<?xml version="1.0" encoding="UTF-8"?>
<testng-results skipped="0" failed="0" ignored="0" total="2" passed="2">
  <reporter-output>
  </reporter-output>
  <suite name="Suite" duration-ms="114098" started-at="2020-08-02T21:48:07 IST" finished-at="2020-08-02T21:50:01 IST">
    <groups>
    </groups>
    <test name="Test" duration-ms="114098" started-at="2020-08-02T21:48:07 IST" finished-at="2020-08-02T21:50:01 IST">
      <class name="com.youtube.org.E2EUSTGLOBAL.MainTCYouTube">
        <test-method status="PASS" signature="TC002()[pri:0, instance:com.youtube.org.E2EUSTGLOBAL.MainTCYouTube@1877ab81]" name="TC002" duration-ms="47839" started-at="2020-08-02T21:49:13 IST" finished-at="2020-08-02T21:50:01 IST">
          <reporter-output>
          </reporter-output>
        </test-method> <!-- TC002 -->
      </class> <!-- com.youtube.org.E2EUSTGLOBAL.MainTCYouTube -->
      <class name="com.youtube.org.E2EUSTGLOBAL.MainTCEcommerce">
        <test-method status="PASS" signature="killprocess()[pri:0, instance:com.youtube.org.E2EUSTGLOBAL.MainTCEcommerce@4232c52b]" name="killprocess" is-config="true" duration-ms="3056" started-at="2020-08-02T21:48:07 IST" finished-at="2020-08-02T21:48:10 IST">
          <reporter-output>
          </reporter-output>
        </test-method> <!-- killprocess -->
        <test-method status="PASS" signature="TC001()[pri:0, instance:com.youtube.org.E2EUSTGLOBAL.MainTCEcommerce@4232c52b]" name="TC001" duration-ms="63132" started-at="2020-08-02T21:48:10 IST" finished-at="2020-08-02T21:49:13 IST">
          <reporter-output>
          </reporter-output>
        </test-method> <!-- TC001 -->
      </class> <!-- com.youtube.org.E2EUSTGLOBAL.MainTCEcommerce -->
    </test> <!-- Test -->
  </suite> <!-- Suite -->
</testng-results>
