<?xml version="1.0" encoding="UTF-8"?>
<testng-results skipped="0" failed="0" ignored="0" total="2" passed="2">
  <reporter-output>
  </reporter-output>
  <suite name="Suite" duration-ms="23814" started-at="2020-07-25T20:59:34 IST" finished-at="2020-07-25T20:59:58 IST">
    <groups>
    </groups>
    <test name="Test" duration-ms="23814" started-at="2020-07-25T20:59:34 IST" finished-at="2020-07-25T20:59:58 IST">
      <class name="com.ust.org.ustmavendemo.GoogleTC1">
        <test-method status="PASS" signature="GOOGLETC001()[pri:0, instance:com.ust.org.ustmavendemo.GoogleTC1@2d928643]" name="GOOGLETC001" duration-ms="7618" started-at="2020-07-25T20:59:34 IST" finished-at="2020-07-25T20:59:42 IST">
          <reporter-output>
          </reporter-output>
        </test-method> <!-- GOOGLETC001 -->
      </class> <!-- com.ust.org.ustmavendemo.GoogleTC1 -->
      <class name="com.ust.org.ustmavendemo.FaceBookTC1">
        <test-method status="PASS" signature="FACEBOOKTC1()[pri:0, instance:com.ust.org.ustmavendemo.FaceBookTC1@5025a98f]" name="FACEBOOKTC1" duration-ms="16152" started-at="2020-07-25T20:59:42 IST" finished-at="2020-07-25T20:59:58 IST">
          <reporter-output>
          </reporter-output>
        </test-method> <!-- FACEBOOKTC1 -->
      </class> <!-- com.ust.org.ustmavendemo.FaceBookTC1 -->
    </test> <!-- Test -->
  </suite> <!-- Suite -->
</testng-results>
