<?xml version="1.0" encoding="UTF-8"?>
<testng-results skipped="0" failed="0" ignored="0" total="2" passed="2">
  <reporter-output>
  </reporter-output>
  <suite name="Suite" duration-ms="106750" started-at="2020-08-02T20:34:12 IST" finished-at="2020-08-02T20:35:59 IST">
    <groups>
    </groups>
    <test name="Test" duration-ms="106750" started-at="2020-08-02T20:34:12 IST" finished-at="2020-08-02T20:35:59 IST">
      <class name="com.youtube.org.E2EUSTGLOBAL.MainTCYouTube">
        <test-method status="PASS" signature="TC002()[pri:0, instance:com.youtube.org.E2EUSTGLOBAL.MainTCYouTube@462d5aee]" name="TC002" duration-ms="47030" started-at="2020-08-02T20:35:12 IST" finished-at="2020-08-02T20:35:59 IST">
          <reporter-output>
          </reporter-output>
        </test-method> <!-- TC002 -->
      </class> <!-- com.youtube.org.E2EUSTGLOBAL.MainTCYouTube -->
      <class name="com.youtube.org.E2EUSTGLOBAL.MainTCEcommerce">
        <test-method status="PASS" signature="killprocess()[pri:0, instance:com.youtube.org.E2EUSTGLOBAL.MainTCEcommerce@6a1aab78]" name="killprocess" is-config="true" duration-ms="3034" started-at="2020-08-02T20:34:12 IST" finished-at="2020-08-02T20:34:15 IST">
          <reporter-output>
          </reporter-output>
        </test-method> <!-- killprocess -->
        <test-method status="PASS" signature="TC001()[pri:0, instance:com.youtube.org.E2EUSTGLOBAL.MainTCEcommerce@6a1aab78]" name="TC001" duration-ms="56625" started-at="2020-08-02T20:34:15 IST" finished-at="2020-08-02T20:35:12 IST">
          <reporter-output>
          </reporter-output>
        </test-method> <!-- TC001 -->
      </class> <!-- com.youtube.org.E2EUSTGLOBAL.MainTCEcommerce -->
    </test> <!-- Test -->
  </suite> <!-- Suite -->
</testng-results>
