<?xml version="1.0" encoding="UTF-8"?>
<testng-results skipped="0" failed="0" ignored="0" total="1" passed="1">
  <reporter-output>
  </reporter-output>
  <suite name="Default suite" duration-ms="17240" started-at="2020-07-25T19:57:12 IST" finished-at="2020-07-25T19:57:29 IST">
    <groups>
    </groups>
    <test name="Default test" duration-ms="17240" started-at="2020-07-25T19:57:12 IST" finished-at="2020-07-25T19:57:29 IST">
      <class name="com.ust.org.ustmavendemo.FaceBookTC1">
        <test-method status="PASS" signature="FACEBOOKTC1()[pri:0, instance:com.ust.org.ustmavendemo.FaceBookTC1@6737fd8f]" name="FACEBOOKTC1" duration-ms="17172" started-at="2020-07-25T19:57:12 IST" finished-at="2020-07-25T19:57:29 IST">
          <reporter-output>
          </reporter-output>
        </test-method> <!-- FACEBOOKTC1 -->
      </class> <!-- com.ust.org.ustmavendemo.FaceBookTC1 -->
    </test> <!-- Default test -->
  </suite> <!-- Default suite -->
</testng-results>
