<?xml version="1.0" encoding="UTF-8"?>
<testng-results skipped="0" failed="0" ignored="0" total="1" passed="1">
  <reporter-output>
  </reporter-output>
  <suite name="Default suite" duration-ms="34279" started-at="2020-07-25T21:50:20 IST" finished-at="2020-07-25T21:50:54 IST">
    <groups>
    </groups>
    <test name="Default test" duration-ms="34279" started-at="2020-07-25T21:50:20 IST" finished-at="2020-07-25T21:50:54 IST">
      <class name="com.ustpom.demo.ustpomdemo.MainTC">
        <test-method status="PASS" signature="MainTC001()[pri:0, instance:com.ustpom.demo.ustpomdemo.MainTC@7b69c6ba]" name="MainTC001" duration-ms="34200" started-at="2020-07-25T21:50:20 IST" finished-at="2020-07-25T21:50:54 IST">
          <reporter-output>
          </reporter-output>
        </test-method> <!-- MainTC001 -->
      </class> <!-- com.ustpom.demo.ustpomdemo.MainTC -->
    </test> <!-- Default test -->
  </suite> <!-- Default suite -->
</testng-results>
