<?xml version="1.0" encoding="UTF-8"?>
<testng-results skipped="0" failed="0" ignored="0" total="1" passed="1">
  <reporter-output>
  </reporter-output>
  <suite name="Default suite" duration-ms="32100" started-at="2020-07-19T22:24:07 IST" finished-at="2020-07-19T22:24:39 IST">
    <groups>
    </groups>
    <test name="Default test" duration-ms="32100" started-at="2020-07-19T22:24:07 IST" finished-at="2020-07-19T22:24:39 IST">
      <class name="TestNGDemo1">
        <test-method status="PASS" signature="Clock()[pri:0, instance:TestNGDemo1@2d8f65a4]" name="Clock" duration-ms="32014" started-at="2020-07-19T22:24:07 IST" finished-at="2020-07-19T22:24:39 IST">
          <reporter-output>
          </reporter-output>
        </test-method> <!-- Clock -->
      </class> <!-- TestNGDemo1 -->
    </test> <!-- Default test -->
  </suite> <!-- Default suite -->
</testng-results>
